This file contains any messages produced by compilers while
running configure, to aid debugging if configure makes a mistake.

It was created by mediainfo configure 0.7.81, which was
generated by GNU Autoconf 2.69.  Invocation command line was

  $ ./configure --enable-staticlibs CC=/home/user/ndk/bin/arm-linux-androideabi-gcc CXX=/home/user/ndk/bin/arm-linux-androideabi-g++ LD=/home/user/ndk/bin/arm-linux-androideabi-ld CFLAGS=-I/home/user/ndk/sysroot/usr/include CXXLAGS=-fexceptions LDFLAGS=-L/home/user/ndk/sysroot/usr/lib --host=arm-linux-androideabi --prefix=/home/user/ndk

## --------- ##
## Platform. ##
## --------- ##

hostname = ubuntu
uname -m = i686
uname -r = 3.8.0-29-generic
uname -s = Linux
uname -v = #42~precise1-Ubuntu SMP Wed Aug 14 15:31:16 UTC 2013

/usr/bin/uname -p = unknown
/bin/uname -X     = unknown

/bin/arch              = unknown
/usr/bin/arch -k       = unknown
/usr/convex/getsysinfo = unknown
/usr/bin/hostinfo      = unknown
/bin/machine           = unknown
/usr/bin/oslevel       = unknown
/bin/universe          = unknown

PATH: /home/user/bin
PATH: /usr/local/sbin
PATH: /usr/local/bin
PATH: /usr/sbin
PATH: /usr/bin
PATH: /sbin
PATH: /bin
PATH: /usr/games
PATH: /home/user/bin
PATH: /home/user/bin


## ----------- ##
## Core tests. ##
## ----------- ##

configure:2312: checking build system type
configure:2326: result: i686-pc-linux-gnu
configure:2346: checking host system type
configure:2359: result: arm-unknown-linux-androideabi
configure:2395: checking for a BSD-compatible install
configure:2463: result: /usr/bin/install -c
configure:2474: checking whether build environment is sane
configure:2529: result: yes
configure:2588: checking for arm-linux-androideabi-strip
configure:2618: result: no
configure:2628: checking for strip
configure:2644: found /usr/bin/strip
configure:2655: result: strip
configure:2680: checking for a thread-safe mkdir -p
configure:2719: result: /bin/mkdir -p
configure:2726: checking for gawk
configure:2742: found /usr/bin/gawk
configure:2753: result: gawk
configure:2764: checking whether make sets $(MAKE)
configure:2786: result: yes
configure:2815: checking whether make supports nested variables
configure:2832: result: yes
configure:2927: checking for arm-linux-androideabi-gcc
configure:2954: result: /home/user/ndk/bin/arm-linux-androideabi-gcc
configure:3223: checking for C compiler version
configure:3232: /home/user/ndk/bin/arm-linux-androideabi-gcc --version >&5
arm-linux-androideabi-gcc (GCC) 4.9 20140827 (prerelease)
Copyright (C) 2014 Free Software Foundation, Inc.
This is free software; see the source for copying conditions.  There is NO
warranty; not even for MERCHANTABILITY or FITNESS FOR A PARTICULAR PURPOSE.

configure:3243: $? = 0
configure:3232: /home/user/ndk/bin/arm-linux-androideabi-gcc -v >&5
Using built-in specs.
COLLECT_GCC=/home/user/ndk/bin/arm-linux-androideabi-gcc
COLLECT_LTO_WRAPPER=/home/user/ndk/bin/../libexec/gcc/arm-linux-androideabi/4.9/lto-wrapper
Target: arm-linux-androideabi
Configured with: /s/ndk-toolchain/src/build/../gcc/gcc-4.9/configure --prefix=/tmp/ndk-andrewhsieh/build/toolchain/prefix --target=arm-linux-androideabi --host=x86_64-linux-gnu --build=x86_64-linux-gnu --with-gnu-as --with-gnu-ld --enable-languages=c,c++ --with-gmp=/tmp/ndk-andrewhsieh/build/toolchain/temp-install --with-mpfr=/tmp/ndk-andrewhsieh/build/toolchain/temp-install --with-mpc=/tmp/ndk-andrewhsieh/build/toolchain/temp-install --with-cloog=/tmp/ndk-andrewhsieh/build/toolchain/temp-install --with-isl=/tmp/ndk-andrewhsieh/build/toolchain/temp-install --with-ppl=/tmp/ndk-andrewhsieh/build/toolchain/temp-install --disable-ppl-version-check --disable-cloog-version-check --disable-isl-version-check --enable-cloog-backend=isl --with-host-libstdcxx='-static-libgcc -Wl,-Bstatic,-lstdc++,-Bdynamic -lm' --disable-libssp --enable-threads --disable-nls --disable-libmudflap --disable-libgomp --disable-libstdc__-v3 --disable-sjlj-exceptions --disable-shared --disable-tls --disable-libitm --with-float=soft --with-fpu=vfp --with-arch=armv5te --enable-target-optspace --enable-initfini-array --disable-nls --prefix=/tmp/ndk-andrewhsieh/build/toolchain/prefix --with-sysroot=/tmp/ndk-andrewhsieh/build/toolchain/prefix/sysroot --with-binutils-version=2.25 --with-mpfr-version=3.1.1 --with-mpc-version=1.0.1 --with-gmp-version=5.0.5 --with-gcc-version=4.9 --with-gdb-version=7.7 --with-python=/usr/local/google/home/andrewhsieh/mydroid/ndk/prebuilt/linux-x86/bin/python-config.sh --with-gxx-include-dir=/tmp/ndk-andrewhsieh/build/toolchain/prefix/include/c++/4.9 --with-bugurl=http://source.android.com/source/report-bugs.html --enable-languages=c,c++ --disable-bootstrap --enable-plugins --enable-libgomp --enable-gnu-indirect-function --disable-libsanitizer --enable-gold --enable-threads --enable-graphite=yes --with-cloog-version=0.18.0 --with-isl-version=0.11.1 --enable-eh-frame-hdr-for-static --with-arch=armv5te --program-transform-name='s&^&arm-linux-androideabi-&' --enable-gold=default
Thread model: posix
gcc version 4.9 20140827 (prerelease) (GCC) 
configure:3243: $? = 0
configure:3232: /home/user/ndk/bin/arm-linux-androideabi-gcc -V >&5
arm-linux-androideabi-gcc: error: unrecognized command line option '-V'
arm-linux-androideabi-gcc: fatal error: no input files
compilation terminated.
configure:3243: $? = 1
configure:3232: /home/user/ndk/bin/arm-linux-androideabi-gcc -qversion >&5
arm-linux-androideabi-gcc: error: unrecognized command line option '-qversion'
arm-linux-androideabi-gcc: fatal error: no input files
compilation terminated.
configure:3243: $? = 1
configure:3263: checking whether the C compiler works
configure:3285: /home/user/ndk/bin/arm-linux-androideabi-gcc -I/home/user/ndk/sysroot/usr/include  -L/home/user/ndk/sysroot/usr/lib conftest.c  >&5
configure:3289: $? = 0
configure:3337: result: yes
configure:3340: checking for C compiler default output file name
configure:3342: result: a.out
configure:3348: checking for suffix of executables
configure:3355: /home/user/ndk/bin/arm-linux-androideabi-gcc -o conftest -I/home/user/ndk/sysroot/usr/include  -L/home/user/ndk/sysroot/usr/lib conftest.c  >&5
configure:3359: $? = 0
configure:3381: result: 
configure:3403: checking whether we are cross compiling
configure:3411: /home/user/ndk/bin/arm-linux-androideabi-gcc -o conftest -I/home/user/ndk/sysroot/usr/include  -L/home/user/ndk/sysroot/usr/lib conftest.c  >&5
configure:3415: $? = 0
configure:3422: ./conftest
./configure: line 3424: ./conftest: cannot execute binary file
configure:3426: $? = 126
configure:3441: result: yes
configure:3446: checking for suffix of object files
configure:3468: /home/user/ndk/bin/arm-linux-androideabi-gcc -c -I/home/user/ndk/sysroot/usr/include  conftest.c >&5
configure:3472: $? = 0
configure:3493: result: o
configure:3497: checking whether we are using the GNU C compiler
configure:3516: /home/user/ndk/bin/arm-linux-androideabi-gcc -c -I/home/user/ndk/sysroot/usr/include  conftest.c >&5
configure:3516: $? = 0
configure:3525: result: yes
configure:3534: checking whether /home/user/ndk/bin/arm-linux-androideabi-gcc accepts -g
configure:3554: /home/user/ndk/bin/arm-linux-androideabi-gcc -c -g  conftest.c >&5
configure:3554: $? = 0
configure:3595: result: yes
configure:3612: checking for /home/user/ndk/bin/arm-linux-androideabi-gcc option to accept ISO C89
configure:3675: /home/user/ndk/bin/arm-linux-androideabi-gcc  -c -I/home/user/ndk/sysroot/usr/include  conftest.c >&5
configure:3675: $? = 0
configure:3688: result: none needed
configure:3719: checking for style of include used by make
configure:3747: result: GNU
configure:3773: checking dependency style of /home/user/ndk/bin/arm-linux-androideabi-gcc
configure:3884: result: gcc3
configure:4011: checking for C++ compiler version
configure:4020: /home/user/ndk/bin/arm-linux-androideabi-g++ --version >&5
arm-linux-androideabi-g++ (GCC) 4.9 20140827 (prerelease)
Copyright (C) 2014 Free Software Foundation, Inc.
This is free software; see the source for copying conditions.  There is NO
warranty; not even for MERCHANTABILITY or FITNESS FOR A PARTICULAR PURPOSE.

configure:4031: $? = 0
configure:4020: /home/user/ndk/bin/arm-linux-androideabi-g++ -v >&5
Using built-in specs.
COLLECT_GCC=/home/user/ndk/bin/arm-linux-androideabi-g++
COLLECT_LTO_WRAPPER=/home/user/ndk/bin/../libexec/gcc/arm-linux-androideabi/4.9/lto-wrapper
Target: arm-linux-androideabi
Configured with: /s/ndk-toolchain/src/build/../gcc/gcc-4.9/configure --prefix=/tmp/ndk-andrewhsieh/build/toolchain/prefix --target=arm-linux-androideabi --host=x86_64-linux-gnu --build=x86_64-linux-gnu --with-gnu-as --with-gnu-ld --enable-languages=c,c++ --with-gmp=/tmp/ndk-andrewhsieh/build/toolchain/temp-install --with-mpfr=/tmp/ndk-andrewhsieh/build/toolchain/temp-install --with-mpc=/tmp/ndk-andrewhsieh/build/toolchain/temp-install --with-cloog=/tmp/ndk-andrewhsieh/build/toolchain/temp-install --with-isl=/tmp/ndk-andrewhsieh/build/toolchain/temp-install --with-ppl=/tmp/ndk-andrewhsieh/build/toolchain/temp-install --disable-ppl-version-check --disable-cloog-version-check --disable-isl-version-check --enable-cloog-backend=isl --with-host-libstdcxx='-static-libgcc -Wl,-Bstatic,-lstdc++,-Bdynamic -lm' --disable-libssp --enable-threads --disable-nls --disable-libmudflap --disable-libgomp --disable-libstdc__-v3 --disable-sjlj-exceptions --disable-shared --disable-tls --disable-libitm --with-float=soft --with-fpu=vfp --with-arch=armv5te --enable-target-optspace --enable-initfini-array --disable-nls --prefix=/tmp/ndk-andrewhsieh/build/toolchain/prefix --with-sysroot=/tmp/ndk-andrewhsieh/build/toolchain/prefix/sysroot --with-binutils-version=2.25 --with-mpfr-version=3.1.1 --with-mpc-version=1.0.1 --with-gmp-version=5.0.5 --with-gcc-version=4.9 --with-gdb-version=7.7 --with-python=/usr/local/google/home/andrewhsieh/mydroid/ndk/prebuilt/linux-x86/bin/python-config.sh --with-gxx-include-dir=/tmp/ndk-andrewhsieh/build/toolchain/prefix/include/c++/4.9 --with-bugurl=http://source.android.com/source/report-bugs.html --enable-languages=c,c++ --disable-bootstrap --enable-plugins --enable-libgomp --enable-gnu-indirect-function --disable-libsanitizer --enable-gold --enable-threads --enable-graphite=yes --with-cloog-version=0.18.0 --with-isl-version=0.11.1 --enable-eh-frame-hdr-for-static --with-arch=armv5te --program-transform-name='s&^&arm-linux-androideabi-&' --enable-gold=default
Thread model: posix
gcc version 4.9 20140827 (prerelease) (GCC) 
configure:4031: $? = 0
configure:4020: /home/user/ndk/bin/arm-linux-androideabi-g++ -V >&5
arm-linux-androideabi-g++: error: unrecognized command line option '-V'
arm-linux-androideabi-g++: fatal error: no input files
compilation terminated.
configure:4031: $? = 1
configure:4020: /home/user/ndk/bin/arm-linux-androideabi-g++ -qversion >&5
arm-linux-androideabi-g++: error: unrecognized command line option '-qversion'
arm-linux-androideabi-g++: fatal error: no input files
compilation terminated.
configure:4031: $? = 1
configure:4035: checking whether we are using the GNU C++ compiler
configure:4054: /home/user/ndk/bin/arm-linux-androideabi-g++ -c   conftest.cpp >&5
configure:4054: $? = 0
configure:4063: result: yes
configure:4072: checking whether /home/user/ndk/bin/arm-linux-androideabi-g++ accepts -g
configure:4092: /home/user/ndk/bin/arm-linux-androideabi-g++ -c -g  conftest.cpp >&5
configure:4092: $? = 0
configure:4133: result: yes
configure:4158: checking dependency style of /home/user/ndk/bin/arm-linux-androideabi-g++
configure:4269: result: gcc3
configure:4330: checking how to print strings
configure:4357: result: printf
configure:4378: checking for a sed that does not truncate output
configure:4442: result: /bin/sed
configure:4460: checking for grep that handles long lines and -e
configure:4518: result: /bin/grep
configure:4523: checking for egrep
configure:4585: result: /bin/grep -E
configure:4590: checking for fgrep
configure:4652: result: /bin/grep -F
configure:4687: checking for ld used by /home/user/ndk/bin/arm-linux-androideabi-gcc
configure:4754: result: /home/user/ndk/bin/arm-linux-androideabi-ld
configure:4761: checking if the linker (/home/user/ndk/bin/arm-linux-androideabi-ld) is GNU ld
configure:4776: result: yes
configure:4788: checking for BSD- or MS-compatible name lister (nm)
configure:4837: result: no
configure:4851: checking for arm-linux-androideabi-dumpbin
configure:4881: result: no
configure:4851: checking for arm-linux-androideabi-link
configure:4881: result: no
configure:4895: checking for dumpbin
configure:4925: result: no
configure:4895: checking for link
configure:4911: found /usr/bin/link
configure:4922: result: link -dump
configure:4938: WARNING: using cross tools not prefixed with host triplet
configure:4967: checking the name lister (nm) interface
configure:4974: /home/user/ndk/bin/arm-linux-androideabi-gcc -c -I/home/user/ndk/sysroot/usr/include  conftest.c >&5
configure:4977: nm "conftest.o"
configure:4980: output
00000000 b $d
00000000 B some_variable
configure:4987: result: BSD nm
configure:4990: checking whether ln -s works
configure:4994: result: yes
configure:5002: checking the maximum length of command line arguments
configure:5132: result: 1572864
configure:5149: checking whether the shell understands some XSI constructs
configure:5159: result: yes
configure:5163: checking whether the shell understands "+="
configure:5169: result: yes
configure:5204: checking how to convert i686-pc-linux-gnu file names to arm-unknown-linux-androideabi format
configure:5244: result: func_convert_file_noop
configure:5251: checking how to convert i686-pc-linux-gnu file names to toolchain format
configure:5271: result: func_convert_file_noop
configure:5278: checking for /home/user/ndk/bin/arm-linux-androideabi-ld option to reload object files
configure:5285: result: -r
configure:5319: checking for arm-linux-androideabi-objdump
configure:5349: result: no
configure:5359: checking for objdump
configure:5375: found /usr/bin/objdump
configure:5386: result: objdump
configure:5418: checking how to recognize dependent libraries
configure:5620: result: pass_all
configure:5665: checking for arm-linux-androideabi-dlltool
configure:5695: result: no
configure:5705: checking for dlltool
configure:5735: result: no
configure:5765: checking how to associate runtime and link libraries
configure:5792: result: printf %s\n
configure:5809: checking for arm-linux-androideabi-ar
configure:5839: result: no
configure:5853: checking for ar
configure:5869: found /usr/bin/ar
configure:5880: result: ar
configure:5917: checking for archiver @FILE support
configure:5934: /home/user/ndk/bin/arm-linux-androideabi-gcc -c -I/home/user/ndk/sysroot/usr/include  conftest.c >&5
configure:5934: $? = 0
configure:5937: ar cru libconftest.a @conftest.lst >&5
configure:5940: $? = 0
configure:5945: ar cru libconftest.a @conftest.lst >&5
ar: conftest.o: No such file or directory
configure:5948: $? = 1
configure:5960: result: @
configure:5978: checking for arm-linux-androideabi-strip
configure:6005: result: strip
configure:6077: checking for arm-linux-androideabi-ranlib
configure:6107: result: no
configure:6117: checking for ranlib
configure:6133: found /usr/bin/ranlib
configure:6144: result: ranlib
configure:6246: checking command to parse nm output from /home/user/ndk/bin/arm-linux-androideabi-gcc object
configure:6366: /home/user/ndk/bin/arm-linux-androideabi-gcc -c -I/home/user/ndk/sysroot/usr/include  conftest.c >&5
configure:6369: $? = 0
configure:6373: nm conftest.o \| sed -n -e 's/^.*[ ]\([ABCDGIRSTW][ABCDGIRSTW]*\)[ ][ ]*\([_A-Za-z][_A-Za-z0-9]*\)$/\1 \2 \2/p' | sed '/ __gnu_lto/d' \> conftest.nm
configure:6376: $? = 0
configure:6442: /home/user/ndk/bin/arm-linux-androideabi-gcc -o conftest -I/home/user/ndk/sysroot/usr/include  -L/home/user/ndk/sysroot/usr/lib conftest.c conftstm.o >&5
configure:6445: $? = 0
configure:6483: result: ok
configure:6520: checking for sysroot
configure:6550: result: no
configure:6766: checking for arm-linux-androideabi-mt
configure:6796: result: no
configure:6806: checking for mt
configure:6822: found /bin/mt
configure:6833: result: mt
configure:6856: checking if mt is a manifest tool
configure:6862: mt '-?'
configure:6870: result: no
configure:7512: checking how to run the C preprocessor
configure:7543: /home/user/ndk/bin/arm-linux-androideabi-gcc -E  conftest.c
configure:7543: $? = 0
configure:7557: /home/user/ndk/bin/arm-linux-androideabi-gcc -E  conftest.c
conftest.c:11:28: fatal error: ac_nonexistent.h: No such file or directory
 #include <ac_nonexistent.h>
                            ^
compilation terminated.
configure:7557: $? = 1
configure: failed program was:
| /* confdefs.h */
| #define PACKAGE_NAME "mediainfo"
| #define PACKAGE_TARNAME "mediainfo"
| #define PACKAGE_VERSION "0.7.81"
| #define PACKAGE_STRING "mediainfo 0.7.81"
| #define PACKAGE_BUGREPORT ""
| #define PACKAGE_URL ""
| #define PACKAGE "mediainfo"
| #define VERSION "0.7.81"
| /* end confdefs.h.  */
| #include <ac_nonexistent.h>
configure:7582: result: /home/user/ndk/bin/arm-linux-androideabi-gcc -E
configure:7602: /home/user/ndk/bin/arm-linux-androideabi-gcc -E  conftest.c
configure:7602: $? = 0
configure:7616: /home/user/ndk/bin/arm-linux-androideabi-gcc -E  conftest.c
conftest.c:11:28: fatal error: ac_nonexistent.h: No such file or directory
 #include <ac_nonexistent.h>
                            ^
compilation terminated.
configure:7616: $? = 1
configure: failed program was:
| /* confdefs.h */
| #define PACKAGE_NAME "mediainfo"
| #define PACKAGE_TARNAME "mediainfo"
| #define PACKAGE_VERSION "0.7.81"
| #define PACKAGE_STRING "mediainfo 0.7.81"
| #define PACKAGE_BUGREPORT ""
| #define PACKAGE_URL ""
| #define PACKAGE "mediainfo"
| #define VERSION "0.7.81"
| /* end confdefs.h.  */
| #include <ac_nonexistent.h>
configure:7645: checking for ANSI C header files
configure:7665: /home/user/ndk/bin/arm-linux-androideabi-gcc -c -I/home/user/ndk/sysroot/usr/include  conftest.c >&5
configure:7665: $? = 0
configure:7749: result: yes
configure:7762: checking for sys/types.h
configure:7762: /home/user/ndk/bin/arm-linux-androideabi-gcc -c -I/home/user/ndk/sysroot/usr/include  conftest.c >&5
configure:7762: $? = 0
configure:7762: result: yes
configure:7762: checking for sys/stat.h
configure:7762: /home/user/ndk/bin/arm-linux-androideabi-gcc -c -I/home/user/ndk/sysroot/usr/include  conftest.c >&5
configure:7762: $? = 0
configure:7762: result: yes
configure:7762: checking for stdlib.h
configure:7762: /home/user/ndk/bin/arm-linux-androideabi-gcc -c -I/home/user/ndk/sysroot/usr/include  conftest.c >&5
configure:7762: $? = 0
configure:7762: result: yes
configure:7762: checking for string.h
configure:7762: /home/user/ndk/bin/arm-linux-androideabi-gcc -c -I/home/user/ndk/sysroot/usr/include  conftest.c >&5
configure:7762: $? = 0
configure:7762: result: yes
configure:7762: checking for memory.h
configure:7762: /home/user/ndk/bin/arm-linux-androideabi-gcc -c -I/home/user/ndk/sysroot/usr/include  conftest.c >&5
configure:7762: $? = 0
configure:7762: result: yes
configure:7762: checking for strings.h
configure:7762: /home/user/ndk/bin/arm-linux-androideabi-gcc -c -I/home/user/ndk/sysroot/usr/include  conftest.c >&5
configure:7762: $? = 0
configure:7762: result: yes
configure:7762: checking for inttypes.h
configure:7762: /home/user/ndk/bin/arm-linux-androideabi-gcc -c -I/home/user/ndk/sysroot/usr/include  conftest.c >&5
configure:7762: $? = 0
configure:7762: result: yes
configure:7762: checking for stdint.h
configure:7762: /home/user/ndk/bin/arm-linux-androideabi-gcc -c -I/home/user/ndk/sysroot/usr/include  conftest.c >&5
configure:7762: $? = 0
configure:7762: result: yes
configure:7762: checking for unistd.h
configure:7762: /home/user/ndk/bin/arm-linux-androideabi-gcc -c -I/home/user/ndk/sysroot/usr/include  conftest.c >&5
configure:7762: $? = 0
configure:7762: result: yes
configure:7776: checking for dlfcn.h
configure:7776: /home/user/ndk/bin/arm-linux-androideabi-gcc -c -I/home/user/ndk/sysroot/usr/include  conftest.c >&5
configure:7776: $? = 0
configure:7776: result: yes
configure:7993: checking for objdir
configure:8008: result: .libs
configure:8275: checking if /home/user/ndk/bin/arm-linux-androideabi-gcc supports -fno-rtti -fno-exceptions
configure:8293: /home/user/ndk/bin/arm-linux-androideabi-gcc -c -I/home/user/ndk/sysroot/usr/include  -fno-rtti -fno-exceptions conftest.c >&5
cc1: warning: command line option '-fno-rtti' is valid for C++/ObjC++ but not for C
configure:8297: $? = 0
configure:8310: result: no
configure:8637: checking for /home/user/ndk/bin/arm-linux-androideabi-gcc option to produce PIC
configure:8644: result: -fPIC -DPIC
configure:8652: checking if /home/user/ndk/bin/arm-linux-androideabi-gcc PIC flag -fPIC -DPIC works
configure:8670: /home/user/ndk/bin/arm-linux-androideabi-gcc -c -I/home/user/ndk/sysroot/usr/include  -fPIC -DPIC -DPIC conftest.c >&5
configure:8674: $? = 0
configure:8687: result: yes
configure:8716: checking if /home/user/ndk/bin/arm-linux-androideabi-gcc static flag -static works
configure:8744: result: yes
configure:8759: checking if /home/user/ndk/bin/arm-linux-androideabi-gcc supports -c -o file.o
configure:8780: /home/user/ndk/bin/arm-linux-androideabi-gcc -c -I/home/user/ndk/sysroot/usr/include  -o out/conftest2.o conftest.c >&5
configure:8784: $? = 0
configure:8806: result: yes
configure:8814: checking if /home/user/ndk/bin/arm-linux-androideabi-gcc supports -c -o file.o
configure:8861: result: yes
configure:8894: checking whether the /home/user/ndk/bin/arm-linux-androideabi-gcc linker (/home/user/ndk/bin/arm-linux-androideabi-ld) supports shared libraries
configure:10047: result: yes
configure:10084: checking whether -lc should be explicitly linked in
configure:10092: /home/user/ndk/bin/arm-linux-androideabi-gcc -c -I/home/user/ndk/sysroot/usr/include  conftest.c >&5
configure:10095: $? = 0
configure:10110: /home/user/ndk/bin/arm-linux-androideabi-gcc -shared  -fPIC -DPIC conftest.o  -v -Wl,-soname -Wl,conftest -o conftest 2\>\&1 \| /bin/grep  -lc  \>/dev/null 2\>\&1
configure:10113: $? = 0
configure:10127: result: no
configure:10287: checking dynamic linker characteristics
configure:10798: /home/user/ndk/bin/arm-linux-androideabi-gcc -o conftest -I/home/user/ndk/sysroot/usr/include  -L/home/user/ndk/sysroot/usr/lib -Wl,-rpath -Wl,/foo conftest.c  >&5
configure:10798: $? = 0
configure:11024: result: GNU/Linux ld.so
configure:11131: checking how to hardcode library paths into programs
configure:11156: result: immediate
configure:11696: checking whether stripping libraries is possible
configure:11701: result: yes
configure:11736: checking if libtool supports shared libraries
configure:11738: result: yes
configure:11741: checking whether to build shared libraries
configure:11762: result: yes
configure:11765: checking whether to build static libraries
configure:11769: result: yes
configure:11792: checking how to run the C++ preprocessor
configure:11819: /home/user/ndk/bin/arm-linux-androideabi-g++ -E  conftest.cpp
configure:11819: $? = 0
configure:11833: /home/user/ndk/bin/arm-linux-androideabi-g++ -E  conftest.cpp
conftest.cpp:23:28: fatal error: ac_nonexistent.h: No such file or directory
 #include <ac_nonexistent.h>
                            ^
compilation terminated.
configure:11833: $? = 1
configure: failed program was:
| /* confdefs.h */
| #define PACKAGE_NAME "mediainfo"
| #define PACKAGE_TARNAME "mediainfo"
| #define PACKAGE_VERSION "0.7.81"
| #define PACKAGE_STRING "mediainfo 0.7.81"
| #define PACKAGE_BUGREPORT ""
| #define PACKAGE_URL ""
| #define PACKAGE "mediainfo"
| #define VERSION "0.7.81"
| #define STDC_HEADERS 1
| #define HAVE_SYS_TYPES_H 1
| #define HAVE_SYS_STAT_H 1
| #define HAVE_STDLIB_H 1
| #define HAVE_STRING_H 1
| #define HAVE_MEMORY_H 1
| #define HAVE_STRINGS_H 1
| #define HAVE_INTTYPES_H 1
| #define HAVE_STDINT_H 1
| #define HAVE_UNISTD_H 1
| #define HAVE_DLFCN_H 1
| #define LT_OBJDIR ".libs/"
| /* end confdefs.h.  */
| #include <ac_nonexistent.h>
configure:11858: result: /home/user/ndk/bin/arm-linux-androideabi-g++ -E
configure:11878: /home/user/ndk/bin/arm-linux-androideabi-g++ -E  conftest.cpp
configure:11878: $? = 0
configure:11892: /home/user/ndk/bin/arm-linux-androideabi-g++ -E  conftest.cpp
conftest.cpp:23:28: fatal error: ac_nonexistent.h: No such file or directory
 #include <ac_nonexistent.h>
                            ^
compilation terminated.
configure:11892: $? = 1
configure: failed program was:
| /* confdefs.h */
| #define PACKAGE_NAME "mediainfo"
| #define PACKAGE_TARNAME "mediainfo"
| #define PACKAGE_VERSION "0.7.81"
| #define PACKAGE_STRING "mediainfo 0.7.81"
| #define PACKAGE_BUGREPORT ""
| #define PACKAGE_URL ""
| #define PACKAGE "mediainfo"
| #define VERSION "0.7.81"
| #define STDC_HEADERS 1
| #define HAVE_SYS_TYPES_H 1
| #define HAVE_SYS_STAT_H 1
| #define HAVE_STDLIB_H 1
| #define HAVE_STRING_H 1
| #define HAVE_MEMORY_H 1
| #define HAVE_STRINGS_H 1
| #define HAVE_INTTYPES_H 1
| #define HAVE_STDINT_H 1
| #define HAVE_UNISTD_H 1
| #define HAVE_DLFCN_H 1
| #define LT_OBJDIR ".libs/"
| /* end confdefs.h.  */
| #include <ac_nonexistent.h>
configure:12061: checking for ld used by /home/user/ndk/bin/arm-linux-androideabi-g++
configure:12128: result: /home/user/ndk/bin/arm-linux-androideabi-ld
configure:12135: checking if the linker (/home/user/ndk/bin/arm-linux-androideabi-ld) is GNU ld
configure:12150: result: yes
configure:12205: checking whether the /home/user/ndk/bin/arm-linux-androideabi-g++ linker (/home/user/ndk/bin/arm-linux-androideabi-ld) supports shared libraries
configure:13210: result: yes
configure:13246: /home/user/ndk/bin/arm-linux-androideabi-g++ -c   conftest.cpp >&5
configure:13249: $? = 0
configure:13769: checking for /home/user/ndk/bin/arm-linux-androideabi-g++ option to produce PIC
configure:13776: result: -fPIC -DPIC
configure:13784: checking if /home/user/ndk/bin/arm-linux-androideabi-g++ PIC flag -fPIC -DPIC works
configure:13802: /home/user/ndk/bin/arm-linux-androideabi-g++ -c   -fPIC -DPIC -DPIC conftest.cpp >&5
configure:13806: $? = 0
configure:13819: result: yes
configure:13842: checking if /home/user/ndk/bin/arm-linux-androideabi-g++ static flag -static works
configure:13870: result: yes
configure:13882: checking if /home/user/ndk/bin/arm-linux-androideabi-g++ supports -c -o file.o
configure:13903: /home/user/ndk/bin/arm-linux-androideabi-g++ -c   -o out/conftest2.o conftest.cpp >&5
configure:13907: $? = 0
configure:13929: result: yes
configure:13934: checking if /home/user/ndk/bin/arm-linux-androideabi-g++ supports -c -o file.o
configure:13981: result: yes
configure:14011: checking whether the /home/user/ndk/bin/arm-linux-androideabi-g++ linker (/home/user/ndk/bin/arm-linux-androideabi-ld) supports shared libraries
configure:14047: result: yes
configure:14188: checking dynamic linker characteristics
configure:14859: result: GNU/Linux ld.so
configure:14912: checking how to hardcode library paths into programs
configure:14937: result: immediate
configure:15145: /home/user/ndk/bin/arm-linux-androideabi-g++ -c   conftest.cpp >&5
configure:15145: $? = 0
configure:15467: checking that generated files are newer than configure
configure:15473: result: done
configure:15500: creating ./config.status

## ---------------------- ##
## Running config.status. ##
## ---------------------- ##

This file was extended by mediainfo config.status 0.7.81, which was
generated by GNU Autoconf 2.69.  Invocation command line was

  CONFIG_FILES    = 
  CONFIG_HEADERS  = 
  CONFIG_LINKS    = 
  CONFIG_COMMANDS = 
  $ ./config.status 

on ubuntu

config.status:1067: creating Makefile
config.status:1239: executing depfiles commands
config.status:1239: executing libtool commands

## ---------------- ##
## Cache variables. ##
## ---------------- ##

ac_cv_build=i686-pc-linux-gnu
ac_cv_c_compiler_gnu=yes
ac_cv_cxx_compiler_gnu=yes
ac_cv_env_CCC_set=
ac_cv_env_CCC_value=
ac_cv_env_CC_set=set
ac_cv_env_CC_value=/home/user/ndk/bin/arm-linux-androideabi-gcc
ac_cv_env_CFLAGS_set=set
ac_cv_env_CFLAGS_value=-I/home/user/ndk/sysroot/usr/include
ac_cv_env_CPPFLAGS_set=
ac_cv_env_CPPFLAGS_value=
ac_cv_env_CPP_set=
ac_cv_env_CPP_value=
ac_cv_env_CXXCPP_set=
ac_cv_env_CXXCPP_value=
ac_cv_env_CXXFLAGS_set=
ac_cv_env_CXXFLAGS_value=
ac_cv_env_CXX_set=set
ac_cv_env_CXX_value=/home/user/ndk/bin/arm-linux-androideabi-g++
ac_cv_env_LDFLAGS_set=set
ac_cv_env_LDFLAGS_value=-L/home/user/ndk/sysroot/usr/lib
ac_cv_env_LIBS_set=
ac_cv_env_LIBS_value=
ac_cv_env_build_alias_set=
ac_cv_env_build_alias_value=
ac_cv_env_host_alias_set=set
ac_cv_env_host_alias_value=arm-linux-androideabi
ac_cv_env_target_alias_set=
ac_cv_env_target_alias_value=
ac_cv_header_dlfcn_h=yes
ac_cv_header_inttypes_h=yes
ac_cv_header_memory_h=yes
ac_cv_header_stdc=yes
ac_cv_header_stdint_h=yes
ac_cv_header_stdlib_h=yes
ac_cv_header_string_h=yes
ac_cv_header_strings_h=yes
ac_cv_header_sys_stat_h=yes
ac_cv_header_sys_types_h=yes
ac_cv_header_unistd_h=yes
ac_cv_host=arm-unknown-linux-androideabi
ac_cv_objext=o
ac_cv_path_EGREP='/bin/grep -E'
ac_cv_path_FGREP='/bin/grep -F'
ac_cv_path_GREP=/bin/grep
ac_cv_path_SED=/bin/sed
ac_cv_path_install='/usr/bin/install -c'
ac_cv_path_mkdir=/bin/mkdir
ac_cv_prog_AWK=gawk
ac_cv_prog_CC=/home/user/ndk/bin/arm-linux-androideabi-gcc
ac_cv_prog_CPP='/home/user/ndk/bin/arm-linux-androideabi-gcc -E'
ac_cv_prog_CXXCPP='/home/user/ndk/bin/arm-linux-androideabi-g++ -E'
ac_cv_prog_STRIP=strip
ac_cv_prog_ac_ct_AR=ar
ac_cv_prog_ac_ct_DUMPBIN='link -dump'
ac_cv_prog_ac_ct_MANIFEST_TOOL=mt
ac_cv_prog_ac_ct_OBJDUMP=objdump
ac_cv_prog_ac_ct_RANLIB=ranlib
ac_cv_prog_ac_ct_STRIP=strip
ac_cv_prog_cc_c89=
ac_cv_prog_cc_g=yes
ac_cv_prog_cxx_g=yes
ac_cv_prog_make_make_set=yes
am_cv_CC_dependencies_compiler_type=gcc3
am_cv_CXX_dependencies_compiler_type=gcc3
am_cv_make_support_nested_variables=yes
lt_cv_ar_at_file=@
lt_cv_archive_cmds_need_lc=no
lt_cv_deplibs_check_method=pass_all
lt_cv_file_magic_cmd='$MAGIC_CMD'
lt_cv_file_magic_test_file=
lt_cv_ld_reload_flag=-r
lt_cv_nm_interface='BSD nm'
lt_cv_objdir=.libs
lt_cv_path_LD=/home/user/ndk/bin/arm-linux-androideabi-ld
lt_cv_path_LDCXX=/home/user/ndk/bin/arm-linux-androideabi-ld
lt_cv_path_NM=no
lt_cv_path_mainfest_tool=no
lt_cv_prog_compiler_c_o=yes
lt_cv_prog_compiler_c_o_CXX=yes
lt_cv_prog_compiler_pic='-fPIC -DPIC'
lt_cv_prog_compiler_pic_CXX='-fPIC -DPIC'
lt_cv_prog_compiler_pic_works=yes
lt_cv_prog_compiler_pic_works_CXX=yes
lt_cv_prog_compiler_rtti_exceptions=no
lt_cv_prog_compiler_static_works=yes
lt_cv_prog_compiler_static_works_CXX=yes
lt_cv_prog_gnu_ld=yes
lt_cv_prog_gnu_ldcxx=yes
lt_cv_sharedlib_from_linklib_cmd='printf %s\n'
lt_cv_shlibpath_overrides_runpath=yes
lt_cv_sys_global_symbol_pipe='sed -n -e '\''s/^.*[	 ]\([ABCDGIRSTW][ABCDGIRSTW]*\)[	 ][	 ]*\([_A-Za-z][_A-Za-z0-9]*\)$/\1 \2 \2/p'\'' | sed '\''/ __gnu_lto/d'\'''
lt_cv_sys_global_symbol_to_c_name_address='sed -n -e '\''s/^: \([^ ]*\)[ ]*$/  {\"\1\", (void *) 0},/p'\'' -e '\''s/^[ABCDGIRSTW]* \([^ ]*\) \([^ ]*\)$/  {"\2", (void *) \&\2},/p'\'''
lt_cv_sys_global_symbol_to_c_name_address_lib_prefix='sed -n -e '\''s/^: \([^ ]*\)[ ]*$/  {\"\1\", (void *) 0},/p'\'' -e '\''s/^[ABCDGIRSTW]* \([^ ]*\) \(lib[^ ]*\)$/  {"\2", (void *) \&\2},/p'\'' -e '\''s/^[ABCDGIRSTW]* \([^ ]*\) \([^ ]*\)$/  {"lib\2", (void *) \&\2},/p'\'''
lt_cv_sys_global_symbol_to_cdecl='sed -n -e '\''s/^T .* \(.*\)$/extern int \1();/p'\'' -e '\''s/^[ABCDGIRSTW]* .* \(.*\)$/extern char \1;/p'\'''
lt_cv_sys_max_cmd_len=1572864
lt_cv_to_host_file_cmd=func_convert_file_noop
lt_cv_to_tool_file_cmd=func_convert_file_noop

## ----------------- ##
## Output variables. ##
## ----------------- ##

ACLOCAL='${SHELL} /home/user/MediaInfo_CLI/MediaInfo/Project/GNU/CLI/missing aclocal-1.13'
AMDEPBACKSLASH='\'
AMDEP_FALSE='#'
AMDEP_TRUE=''
AMTAR='$${TAR-tar}'
AM_BACKSLASH='\'
AM_DEFAULT_V='$(AM_DEFAULT_VERBOSITY)'
AM_DEFAULT_VERBOSITY='1'
AM_V='$(V)'
AR='ar'
AUTOCONF='${SHELL} /home/user/MediaInfo_CLI/MediaInfo/Project/GNU/CLI/missing autoconf'
AUTOHEADER='${SHELL} /home/user/MediaInfo_CLI/MediaInfo/Project/GNU/CLI/missing autoheader'
AUTOMAKE='${SHELL} /home/user/MediaInfo_CLI/MediaInfo/Project/GNU/CLI/missing automake-1.13'
AWK='gawk'
CC='/home/user/ndk/bin/arm-linux-androideabi-gcc'
CCDEPMODE='depmode=gcc3'
CFLAGS='-I/home/user/ndk/sysroot/usr/include -O2'
CPP='/home/user/ndk/bin/arm-linux-androideabi-gcc -E'
CPPFLAGS=''
CXX='/home/user/ndk/bin/arm-linux-androideabi-g++'
CXXCPP='/home/user/ndk/bin/arm-linux-androideabi-g++ -E'
CXXDEPMODE='depmode=gcc3'
CXXFLAGS=' -O2 -DUNICODE -DUNICODE'
CYGPATH_W='echo'
DEFS='-DPACKAGE_NAME=\"mediainfo\" -DPACKAGE_TARNAME=\"mediainfo\" -DPACKAGE_VERSION=\"0.7.81\" -DPACKAGE_STRING=\"mediainfo\ 0.7.81\" -DPACKAGE_BUGREPORT=\"\" -DPACKAGE_URL=\"\" -DPACKAGE=\"mediainfo\" -DVERSION=\"0.7.81\" -DSTDC_HEADERS=1 -DHAVE_SYS_TYPES_H=1 -DHAVE_SYS_STAT_H=1 -DHAVE_STDLIB_H=1 -DHAVE_STRING_H=1 -DHAVE_MEMORY_H=1 -DHAVE_STRINGS_H=1 -DHAVE_INTTYPES_H=1 -DHAVE_STDINT_H=1 -DHAVE_UNISTD_H=1 -DHAVE_DLFCN_H=1 -DLT_OBJDIR=\".libs/\" -DUNICODE=1'
DEPDIR='.deps'
DLLTOOL='false'
DSYMUTIL=''
DUMPBIN=':'
ECHO_C=''
ECHO_N='-n'
ECHO_T=''
EGREP='/bin/grep -E'
EXEEXT=''
FGREP='/bin/grep -F'
GREP='/bin/grep'
INSTALL_DATA='${INSTALL} -m 644'
INSTALL_PROGRAM='${INSTALL}'
INSTALL_SCRIPT='${INSTALL}'
INSTALL_STRIP_PROGRAM='$(install_sh) -c -s'
LD='/home/user/ndk/bin/arm-linux-androideabi-ld'
LDFLAGS='-L/home/user/ndk/sysroot/usr/lib'
LIBOBJS=''
LIBS=' /home/user/MediaInfo_CLI/MediaInfoLib/Project/GNU/Library/.libs/libmediainfo.a -lz -L/home/user/MediaInfo_CLI/ZenLib/Project/GNU/Library -lzen -lpthread -lstdc++ /home/user/MediaInfo_CLI/ZenLib/Project/GNU/Library/.libs/libzen.a -lpthread -lstdc++'
LIBTOOL='$(SHELL) $(top_builddir)/libtool'
LIPO=''
LN_S='ln -s'
LTLIBOBJS=''
MAKEINFO='${SHELL} /home/user/MediaInfo_CLI/MediaInfo/Project/GNU/CLI/missing makeinfo'
MANIFEST_TOOL=':'
MKDIR_P='/bin/mkdir -p'
NM='nm'
NMEDIT=''
OBJDUMP='objdump'
OBJEXT='o'
OTOOL64=''
OTOOL=''
PACKAGE='mediainfo'
PACKAGE_BUGREPORT=''
PACKAGE_NAME='mediainfo'
PACKAGE_STRING='mediainfo 0.7.81'
PACKAGE_TARNAME='mediainfo'
PACKAGE_URL=''
PACKAGE_VERSION='0.7.81'
PATH_SEPARATOR=':'
RANLIB='ranlib'
SED='/bin/sed'
SET_MAKE=''
SHELL='/bin/bash'
STRIP='strip'
VERSION='0.7.81'
ac_ct_AR='ar'
ac_ct_CC=''
ac_ct_CXX=''
ac_ct_DUMPBIN='link -dump'
am__EXEEXT_FALSE=''
am__EXEEXT_TRUE='#'
am__fastdepCC_FALSE='#'
am__fastdepCC_TRUE=''
am__fastdepCXX_FALSE='#'
am__fastdepCXX_TRUE=''
am__include='include'
am__isrc=''
am__leading_dot='.'
am__nodep='_no'
am__quote=''
am__tar='$${TAR-tar} chof - "$$tardir"'
am__untar='$${TAR-tar} xf -'
bindir='${exec_prefix}/bin'
build='i686-pc-linux-gnu'
build_alias=''
build_cpu='i686'
build_os='linux-gnu'
build_vendor='pc'
datadir='${datarootdir}'
datarootdir='${prefix}/share'
docdir='${datarootdir}/doc/${PACKAGE_TARNAME}'
dvidir='${docdir}'
exec_prefix='${prefix}'
host='arm-unknown-linux-androideabi'
host_alias='arm-linux-androideabi'
host_cpu='arm'
host_os='linux-androideabi'
host_vendor='unknown'
htmldir='${docdir}'
includedir='${prefix}/include'
infodir='${datarootdir}/info'
install_sh='${SHELL} /home/user/MediaInfo_CLI/MediaInfo/Project/GNU/CLI/install-sh'
libdir='${exec_prefix}/lib'
libexecdir='${exec_prefix}/libexec'
localedir='${datarootdir}/locale'
localstatedir='${prefix}/var'
mandir='${datarootdir}/man'
mkdir_p='$(MKDIR_P)'
oldincludedir='/usr/include'
pdfdir='${docdir}'
prefix='/home/user/ndk'
program_transform_name='s,x,x,'
psdir='${docdir}'
sbindir='${exec_prefix}/sbin'
sharedstatedir='${prefix}/com'
sysconfdir='${prefix}/etc'
target_alias=''

## ----------- ##
## confdefs.h. ##
## ----------- ##

/* confdefs.h */
#define PACKAGE_NAME "mediainfo"
#define PACKAGE_TARNAME "mediainfo"
#define PACKAGE_VERSION "0.7.81"
#define PACKAGE_STRING "mediainfo 0.7.81"
#define PACKAGE_BUGREPORT ""
#define PACKAGE_URL ""
#define PACKAGE "mediainfo"
#define VERSION "0.7.81"
#define STDC_HEADERS 1
#define HAVE_SYS_TYPES_H 1
#define HAVE_SYS_STAT_H 1
#define HAVE_STDLIB_H 1
#define HAVE_STRING_H 1
#define HAVE_MEMORY_H 1
#define HAVE_STRINGS_H 1
#define HAVE_INTTYPES_H 1
#define HAVE_STDINT_H 1
#define HAVE_UNISTD_H 1
#define HAVE_DLFCN_H 1
#define LT_OBJDIR ".libs/"
#define UNICODE 1

configure: exit 0
